<?xml version="1.0" encoding="UTF-8"?>
<!-- Generated by org.testng.reporters.JUnitXMLReporter -->
<testsuite hostname="shubkuma1" ignored="0" name="RegressionTest" tests="6" failures="1" timestamp="2021-05-28T00:16:00 IST" time="73.208" errors="0">
  <testcase name="loginPageTitleTest" time="0.029" classname="com.fb.testCases.LoginPageTest">
    <failure type="java.lang.AssertionError" message="expected [Facebook - लॉग इन या साइन अप करें] but found []">
      <![CDATA[java.lang.AssertionError: expected [Facebook - लॉग इन या साइन अप करें] but found []
at com.fb.testCases.LoginPageTest.loginPageTitleTest(LoginPageTest.java:30)
at java.util.ArrayList.forEach(Unknown Source)
... Removed 33 stack frames]]>
    </failure>
  </testcase> <!-- loginPageTitleTest -->
  <testcase name="fbLogoTest" time="0.197" classname="com.fb.testCases.LoginPageTest"/>
  <testcase name="login" time="0.34" classname="com.fb.testCases.LoginPageTest"/>
  <testcase name="verifyCurrentURLTest" time="4.379" classname="com.fb.testCases.HomePageTest"/>
  <testcase name="verifyProfileNameTest" time="4.327" classname="com.fb.testCases.HomePageTest"/>
  <testcase name="verifyProfileViewTest" time="4.115" classname="com.fb.testCases.HomePageTest"/>
</testsuite> <!-- RegressionTest -->
